C:\project\CefSharp-v1.25.8-binaries\Debug\CefSharp.dll
C:\project\CefSharp-v1.25.8-binaries\Debug\CefSharp.pdb
C:\project\CefSharp-v1.25.8-binaries\Debug\CefSharp.xml
C:\PROJECT\CEFSHARP-V1.25.8-BINARIES\CEFSHARP.WINFORMS\OBJ\DEBUG\WEBVIEW.OBJ
C:\PROJECT\CEFSHARP-V1.25.8-BINARIES\CEFSHARP.WINFORMS\OBJ\DEBUG\STRINGUTIL.OBJ
C:\PROJECT\CEFSHARP-V1.25.8-BINARIES\CEFSHARP.WINFORMS\OBJ\DEBUG\ASSEMBLYINFO.OBJ
C:\PROJECT\CEFSHARP-V1.25.8-BINARIES\CEFSHARP.WINFORMS\OBJ\DEBUG\VC110.PDB
C:\PROJECT\CEFSHARP-V1.25.8-BINARIES\CEFSHARP.WINFORMS\OBJ\DEBUG\.NETFRAMEWORK,VERSION=V4.0.ASSEMBLYATTRIBUTES.OBJ
C:\PROJECT\CEFSHARP-V1.25.8-BINARIES\DEBUG\CEFSHARP.WINFORMS.ILK
C:\PROJECT\CEFSHARP-V1.25.8-BINARIES\DEBUG\CEFSHARP.WINFORMS.DLL
C:\PROJECT\CEFSHARP-V1.25.8-BINARIES\DEBUG\CEFSHARP.WINFORMS.PDB
C:\project\CefSharp-v1.25.8-binaries\CefSharp.WinForms\obj\Debug\CefSharp.WinForms.vcxprojResolveAssemblyReference.cache
C:\project\CefSharp-v1.25.8-binaries\CefSharp.WinForms\obj\Debug\.NETFramework,Version=v4.0.AssemblyAttributes.obj
C:\project\CefSharp-v1.25.8-binaries\CefSharp.WinForms\obj\Debug\AssemblyInfo.obj
C:\project\CefSharp-v1.25.8-binaries\CefSharp.WinForms\obj\Debug\StringUtil.obj
C:\project\CefSharp-v1.25.8-binaries\CefSharp.WinForms\obj\Debug\WebView.obj
C:\project\CefSharp-v1.25.8-binaries\CefSharp.WinForms\obj\Debug\CefSharp.WinForms.write.1.tlog
C:\project\CefSharp-v1.25.8-binaries\CefSharp.WinForms\obj\Debug\cl.command.1.tlog
C:\project\CefSharp-v1.25.8-binaries\CefSharp.WinForms\obj\Debug\CL.read.1.tlog
C:\project\CefSharp-v1.25.8-binaries\CefSharp.WinForms\obj\Debug\CL.write.1.tlog
C:\project\CefSharp-v1.25.8-binaries\CefSharp.WinForms\obj\Debug\link.3588-cvtres.read.1.tlog
C:\project\CefSharp-v1.25.8-binaries\CefSharp.WinForms\obj\Debug\link.3588-cvtres.write.1.tlog
C:\project\CefSharp-v1.25.8-binaries\CefSharp.WinForms\obj\Debug\link.3588-rc.read.1.tlog
C:\project\CefSharp-v1.25.8-binaries\CefSharp.WinForms\obj\Debug\link.3588-rc.write.1.tlog
C:\project\CefSharp-v1.25.8-binaries\CefSharp.WinForms\obj\Debug\link.3588.read.1.tlog
C:\project\CefSharp-v1.25.8-binaries\CefSharp.WinForms\obj\Debug\link.3588.write.1.tlog
C:\project\CefSharp-v1.25.8-binaries\CefSharp.WinForms\obj\Debug\link.command.1.tlog
C:\project\CefSharp-v1.25.8-binaries\CefSharp.WinForms\obj\Debug\link.read.1.tlog
C:\project\CefSharp-v1.25.8-binaries\CefSharp.WinForms\obj\Debug\link.write.1.tlog
C:\project\CefSharp-v1.25.8-binaries\CefSharp.WinForms\obj\Debug\metagen.read.1.tlog
C:\project\CefSharp-v1.25.8-binaries\CefSharp.WinForms\obj\Debug\metagen.write.1.tlog
C:\project\CefSharp-v1.25.8-binaries\CefSharp.WinForms\obj\Debug\vc110.pdb
C:\project\CefSharp-v1.25.8-binaries\CefSharp.WinForms\obj\Debug\RSAENH.DLL.bi
C:\project\CefSharp-v1.25.8-binaries\Debug\CefSharp.WinForms.pdb
C:\project\CefSharp-v1.25.8-binaries\Debug\CefSharp.WinForms.dll
C:\project\CefSharp-v1.25.8-binaries\Debug\CefSharp.WinForms.ilk
