C:\project\CefSharp-v1.25.8-binaries\CefSharp\bin\Debug\CefSharp.lib
C:\project\CefSharp-v1.25.8-binaries\CefSharp\bin\Debug\CefSharp.exp
C:\PROJECT\CEFSHARP-V1.25.8-BINARIES\CEFSHARP\OBJ\DEBUG\CEFSHARP.PCH
C:\PROJECT\CEFSHARP-V1.25.8-BINARIES\CEFSHARP\OBJ\DEBUG\STDAFX.XDC
C:\PROJECT\CEFSHARP-V1.25.8-BINARIES\CEFSHARP\OBJ\DEBUG\STDAFX.OBJ
C:\PROJECT\CEFSHARP-V1.25.8-BINARIES\CEFSHARP\OBJ\DEBUG\VC110.PDB
C:\PROJECT\CEFSHARP-V1.25.8-BINARIES\CEFSHARP\OBJ\DEBUG\ASSEMBLYINFO.XDC
C:\PROJECT\CEFSHARP-V1.25.8-BINARIES\CEFSHARP\OBJ\DEBUG\BINDINGHANDLER.XDC
C:\PROJECT\CEFSHARP-V1.25.8-BINARIES\CEFSHARP\OBJ\DEBUG\BROWSERCORE.XDC
C:\PROJECT\CEFSHARP-V1.25.8-BINARIES\CEFSHARP\OBJ\DEBUG\BROWSERSETTINGS.XDC
C:\PROJECT\CEFSHARP-V1.25.8-BINARIES\CEFSHARP\OBJ\DEBUG\CLIENTADAPTER.XDC
C:\PROJECT\CEFSHARP-V1.25.8-BINARIES\CEFSHARP\OBJ\DEBUG\COOKIEVISITOR.XDC
C:\PROJECT\CEFSHARP-V1.25.8-BINARIES\CEFSHARP\OBJ\DEBUG\DOWNLOADADAPTER.XDC
C:\PROJECT\CEFSHARP-V1.25.8-BINARIES\CEFSHARP\OBJ\DEBUG\RENDERCLIENTADAPTER.XDC
C:\PROJECT\CEFSHARP-V1.25.8-BINARIES\CEFSHARP\OBJ\DEBUG\REQUEST.XDC
C:\PROJECT\CEFSHARP-V1.25.8-BINARIES\CEFSHARP\OBJ\DEBUG\REQUESTRESPONSE.XDC
C:\PROJECT\CEFSHARP-V1.25.8-BINARIES\CEFSHARP\OBJ\DEBUG\RTZCOUNTDOWNEVENT.XDC
C:\PROJECT\CEFSHARP-V1.25.8-BINARIES\CEFSHARP\OBJ\DEBUG\SCHEMEHANDLERRESPONSE.XDC
C:\PROJECT\CEFSHARP-V1.25.8-BINARIES\CEFSHARP\OBJ\DEBUG\SCHEMEHANDLERWRAPPER.XDC
C:\PROJECT\CEFSHARP-V1.25.8-BINARIES\CEFSHARP\OBJ\DEBUG\SCRIPTCORE.XDC
C:\PROJECT\CEFSHARP-V1.25.8-BINARIES\CEFSHARP\OBJ\DEBUG\STREAMADAPTER.XDC
C:\PROJECT\CEFSHARP-V1.25.8-BINARIES\CEFSHARP\OBJ\DEBUG\STRINGUTIL.XDC
C:\PROJECT\CEFSHARP-V1.25.8-BINARIES\CEFSHARP\OBJ\DEBUG\TYPEUTIL.XDC
C:\PROJECT\CEFSHARP-V1.25.8-BINARIES\CEFSHARP\OBJ\DEBUG\TYPEUTIL.OBJ
C:\PROJECT\CEFSHARP-V1.25.8-BINARIES\CEFSHARP\OBJ\DEBUG\STRINGUTIL.OBJ
C:\PROJECT\CEFSHARP-V1.25.8-BINARIES\CEFSHARP\OBJ\DEBUG\STREAMADAPTER.OBJ
C:\PROJECT\CEFSHARP-V1.25.8-BINARIES\CEFSHARP\OBJ\DEBUG\SCRIPTCORE.OBJ
C:\PROJECT\CEFSHARP-V1.25.8-BINARIES\CEFSHARP\OBJ\DEBUG\SCHEMEHANDLERWRAPPER.OBJ
C:\PROJECT\CEFSHARP-V1.25.8-BINARIES\CEFSHARP\OBJ\DEBUG\SCHEMEHANDLERRESPONSE.OBJ
C:\PROJECT\CEFSHARP-V1.25.8-BINARIES\CEFSHARP\OBJ\DEBUG\RTZCOUNTDOWNEVENT.OBJ
C:\PROJECT\CEFSHARP-V1.25.8-BINARIES\CEFSHARP\OBJ\DEBUG\REQUESTRESPONSE.OBJ
C:\PROJECT\CEFSHARP-V1.25.8-BINARIES\CEFSHARP\OBJ\DEBUG\REQUEST.OBJ
C:\PROJECT\CEFSHARP-V1.25.8-BINARIES\CEFSHARP\OBJ\DEBUG\RENDERCLIENTADAPTER.OBJ
C:\PROJECT\CEFSHARP-V1.25.8-BINARIES\CEFSHARP\OBJ\DEBUG\DOWNLOADADAPTER.OBJ
C:\PROJECT\CEFSHARP-V1.25.8-BINARIES\CEFSHARP\OBJ\DEBUG\COOKIEVISITOR.OBJ
C:\PROJECT\CEFSHARP-V1.25.8-BINARIES\CEFSHARP\OBJ\DEBUG\CLIENTADAPTER.OBJ
C:\PROJECT\CEFSHARP-V1.25.8-BINARIES\CEFSHARP\OBJ\DEBUG\BROWSERSETTINGS.OBJ
C:\PROJECT\CEFSHARP-V1.25.8-BINARIES\CEFSHARP\OBJ\DEBUG\BROWSERCORE.OBJ
C:\PROJECT\CEFSHARP-V1.25.8-BINARIES\CEFSHARP\OBJ\DEBUG\BINDINGHANDLER.OBJ
C:\PROJECT\CEFSHARP-V1.25.8-BINARIES\CEFSHARP\OBJ\DEBUG\ASSEMBLYINFO.OBJ
C:\PROJECT\CEFSHARP-V1.25.8-BINARIES\CEFSHARP\OBJ\DEBUG\.NETFRAMEWORK,VERSION=V4.0.ASSEMBLYATTRIBUTES.XDC
C:\PROJECT\CEFSHARP-V1.25.8-BINARIES\CEFSHARP\OBJ\DEBUG\.NETFRAMEWORK,VERSION=V4.0.ASSEMBLYATTRIBUTES.OBJ
C:\PROJECT\CEFSHARP-V1.25.8-BINARIES\CEFSHARP\BIN\DEBUG\CEFSHARP.DLL
C:\PROJECT\CEFSHARP-V1.25.8-BINARIES\CEFSHARP\BIN\DEBUG\CEFSHARP.PDB
C:\PROJECT\CEFSHARP-V1.25.8-BINARIES\CEFSHARP\BIN\DEBUG\CEFSHARP.XML
C:\project\CefSharp-v1.25.8-binaries\CefSharp\obj\Debug\.NETFramework,Version=v4.0.AssemblyAttributes.obj
C:\project\CefSharp-v1.25.8-binaries\CefSharp\obj\Debug\AssemblyInfo.obj
C:\project\CefSharp-v1.25.8-binaries\CefSharp\obj\Debug\BindingHandler.obj
C:\project\CefSharp-v1.25.8-binaries\CefSharp\obj\Debug\BrowserCore.obj
C:\project\CefSharp-v1.25.8-binaries\CefSharp\obj\Debug\BrowserSettings.obj
C:\project\CefSharp-v1.25.8-binaries\CefSharp\obj\Debug\ClientAdapter.obj
C:\project\CefSharp-v1.25.8-binaries\CefSharp\obj\Debug\CookieVisitor.obj
C:\project\CefSharp-v1.25.8-binaries\CefSharp\obj\Debug\DownloadAdapter.obj
C:\project\CefSharp-v1.25.8-binaries\CefSharp\obj\Debug\RenderClientAdapter.obj
C:\project\CefSharp-v1.25.8-binaries\CefSharp\obj\Debug\Request.obj
C:\project\CefSharp-v1.25.8-binaries\CefSharp\obj\Debug\RequestResponse.obj
C:\project\CefSharp-v1.25.8-binaries\CefSharp\obj\Debug\RtzCountdownEvent.obj
C:\project\CefSharp-v1.25.8-binaries\CefSharp\obj\Debug\SchemeHandlerResponse.obj
C:\project\CefSharp-v1.25.8-binaries\CefSharp\obj\Debug\SchemeHandlerWrapper.obj
C:\project\CefSharp-v1.25.8-binaries\CefSharp\obj\Debug\ScriptCore.obj
C:\project\CefSharp-v1.25.8-binaries\CefSharp\obj\Debug\Stdafx.obj
C:\project\CefSharp-v1.25.8-binaries\CefSharp\obj\Debug\StreamAdapter.obj
C:\project\CefSharp-v1.25.8-binaries\CefSharp\obj\Debug\StringUtil.obj
C:\project\CefSharp-v1.25.8-binaries\CefSharp\obj\Debug\TypeUtil.obj
C:\project\CefSharp-v1.25.8-binaries\CefSharp\obj\Debug\CefSharp.write.1.tlog
C:\project\CefSharp-v1.25.8-binaries\CefSharp\obj\Debug\cl.command.1.tlog
C:\project\CefSharp-v1.25.8-binaries\CefSharp\obj\Debug\CL.read.1.tlog
C:\project\CefSharp-v1.25.8-binaries\CefSharp\obj\Debug\CL.write.1.tlog
C:\project\CefSharp-v1.25.8-binaries\CefSharp\obj\Debug\link-cvtres.read.1.tlog
C:\project\CefSharp-v1.25.8-binaries\CefSharp\obj\Debug\link-cvtres.write.1.tlog
C:\project\CefSharp-v1.25.8-binaries\CefSharp\obj\Debug\link-rc.read.1.tlog
C:\project\CefSharp-v1.25.8-binaries\CefSharp\obj\Debug\link-rc.write.1.tlog
C:\project\CefSharp-v1.25.8-binaries\CefSharp\obj\Debug\link.command.1.tlog
C:\project\CefSharp-v1.25.8-binaries\CefSharp\obj\Debug\link.read.1.tlog
C:\project\CefSharp-v1.25.8-binaries\CefSharp\obj\Debug\link.write.1.tlog
C:\project\CefSharp-v1.25.8-binaries\CefSharp\obj\Debug\metagen.read.1.tlog
C:\project\CefSharp-v1.25.8-binaries\CefSharp\obj\Debug\metagen.write.1.tlog
C:\project\CefSharp-v1.25.8-binaries\CefSharp\obj\Debug\XDCMake.command.1.tlog
C:\project\CefSharp-v1.25.8-binaries\CefSharp\obj\Debug\xdcmake.read.1.tlog
C:\project\CefSharp-v1.25.8-binaries\CefSharp\obj\Debug\xdcmake.write.1.tlog
C:\project\CefSharp-v1.25.8-binaries\CefSharp\obj\Debug\CefSharp.pch
C:\project\CefSharp-v1.25.8-binaries\CefSharp\obj\Debug\.NETFramework,Version=v4.0.AssemblyAttributes.xdc
C:\project\CefSharp-v1.25.8-binaries\CefSharp\obj\Debug\AssemblyInfo.xdc
C:\project\CefSharp-v1.25.8-binaries\CefSharp\obj\Debug\BindingHandler.xdc
C:\project\CefSharp-v1.25.8-binaries\CefSharp\obj\Debug\BrowserCore.xdc
C:\project\CefSharp-v1.25.8-binaries\CefSharp\obj\Debug\BrowserSettings.xdc
C:\project\CefSharp-v1.25.8-binaries\CefSharp\obj\Debug\ClientAdapter.xdc
C:\project\CefSharp-v1.25.8-binaries\CefSharp\obj\Debug\CookieVisitor.xdc
C:\project\CefSharp-v1.25.8-binaries\CefSharp\obj\Debug\DownloadAdapter.xdc
C:\project\CefSharp-v1.25.8-binaries\CefSharp\obj\Debug\RenderClientAdapter.xdc
C:\project\CefSharp-v1.25.8-binaries\CefSharp\obj\Debug\Request.xdc
C:\project\CefSharp-v1.25.8-binaries\CefSharp\obj\Debug\RequestResponse.xdc
C:\project\CefSharp-v1.25.8-binaries\CefSharp\obj\Debug\RtzCountdownEvent.xdc
C:\project\CefSharp-v1.25.8-binaries\CefSharp\obj\Debug\SchemeHandlerResponse.xdc
C:\project\CefSharp-v1.25.8-binaries\CefSharp\obj\Debug\SchemeHandlerWrapper.xdc
C:\project\CefSharp-v1.25.8-binaries\CefSharp\obj\Debug\ScriptCore.xdc
C:\project\CefSharp-v1.25.8-binaries\CefSharp\obj\Debug\Stdafx.xdc
C:\project\CefSharp-v1.25.8-binaries\CefSharp\obj\Debug\StreamAdapter.xdc
C:\project\CefSharp-v1.25.8-binaries\CefSharp\obj\Debug\StringUtil.xdc
C:\project\CefSharp-v1.25.8-binaries\CefSharp\obj\Debug\TypeUtil.xdc
C:\project\CefSharp-v1.25.8-binaries\CefSharp\obj\Debug\vc110.pdb
C:\project\CefSharp-v1.25.8-binaries\CefSharp\obj\Debug\MSXML6R.DLL.bi
C:\project\CefSharp-v1.25.8-binaries\CefSharp\obj\Debug\RSAENH.DLL.bi
C:\project\CefSharp-v1.25.8-binaries\CefSharp\bin\Debug\CefSharp.dll
