C:\project\CefSharp-v1.25.8-binaries-mysql - secure - raw-http\CefSharp.WinForms\bin\Release\CefSharp.dll
C:\project\CefSharp-v1.25.8-binaries-mysql - secure - raw-http\CefSharp.WinForms\bin\Release\CefSharp.xml
C:\PROJECT\CEFSHARP-V1.25.8-BINARIES-MYSQL - SECURE - RAW-HTTP\CEFSHARP.WINFORMS\OBJ\RELEASE\WEBVIEW.OBJ
C:\PROJECT\CEFSHARP-V1.25.8-BINARIES-MYSQL - SECURE - RAW-HTTP\CEFSHARP.WINFORMS\OBJ\RELEASE\STRINGUTIL.OBJ
C:\PROJECT\CEFSHARP-V1.25.8-BINARIES-MYSQL - SECURE - RAW-HTTP\CEFSHARP.WINFORMS\OBJ\RELEASE\ASSEMBLYINFO.OBJ
C:\PROJECT\CEFSHARP-V1.25.8-BINARIES-MYSQL - SECURE - RAW-HTTP\CEFSHARP.WINFORMS\OBJ\RELEASE\VC110.PDB
C:\PROJECT\CEFSHARP-V1.25.8-BINARIES-MYSQL - SECURE - RAW-HTTP\CEFSHARP.WINFORMS\OBJ\RELEASE\.NETFRAMEWORK,VERSION=V4.0.ASSEMBLYATTRIBUTES.OBJ
C:\PROJECT\CEFSHARP-V1.25.8-BINARIES-MYSQL - SECURE - RAW-HTTP\CEFSHARP.WINFORMS\BIN\RELEASE\CEFSHARP.WINFORMS.DLL
C:\project\CefSharp-v1.25.8-binaries-mysql - secure - raw-http\CefSharp.WinForms\obj\Release\CefSharp.WinForms.vcxprojResolveAssemblyReference.cache
C:\project\CefSharp-v1.25.8-binaries-mysql - secure - raw-http\CefSharp.WinForms\obj\Release\.NETFramework,Version=v4.0.AssemblyAttributes.obj
C:\project\CefSharp-v1.25.8-binaries-mysql - secure - raw-http\CefSharp.WinForms\obj\Release\AssemblyInfo.obj
C:\project\CefSharp-v1.25.8-binaries-mysql - secure - raw-http\CefSharp.WinForms\obj\Release\StringUtil.obj
C:\project\CefSharp-v1.25.8-binaries-mysql - secure - raw-http\CefSharp.WinForms\obj\Release\WebView.obj
C:\project\CefSharp-v1.25.8-binaries-mysql - secure - raw-http\CefSharp.WinForms\obj\Release\CefSharp.WinForms.write.1.tlog
C:\project\CefSharp-v1.25.8-binaries-mysql - secure - raw-http\CefSharp.WinForms\obj\Release\cl.command.1.tlog
C:\project\CefSharp-v1.25.8-binaries-mysql - secure - raw-http\CefSharp.WinForms\obj\Release\CL.read.1.tlog
C:\project\CefSharp-v1.25.8-binaries-mysql - secure - raw-http\CefSharp.WinForms\obj\Release\CL.write.1.tlog
C:\project\CefSharp-v1.25.8-binaries-mysql - secure - raw-http\CefSharp.WinForms\obj\Release\link-cvtres.read.1.tlog
C:\project\CefSharp-v1.25.8-binaries-mysql - secure - raw-http\CefSharp.WinForms\obj\Release\link-cvtres.write.1.tlog
C:\project\CefSharp-v1.25.8-binaries-mysql - secure - raw-http\CefSharp.WinForms\obj\Release\link-rc.read.1.tlog
C:\project\CefSharp-v1.25.8-binaries-mysql - secure - raw-http\CefSharp.WinForms\obj\Release\link-rc.write.1.tlog
C:\project\CefSharp-v1.25.8-binaries-mysql - secure - raw-http\CefSharp.WinForms\obj\Release\link.command.1.tlog
C:\project\CefSharp-v1.25.8-binaries-mysql - secure - raw-http\CefSharp.WinForms\obj\Release\link.read.1.tlog
C:\project\CefSharp-v1.25.8-binaries-mysql - secure - raw-http\CefSharp.WinForms\obj\Release\link.write.1.tlog
C:\project\CefSharp-v1.25.8-binaries-mysql - secure - raw-http\CefSharp.WinForms\obj\Release\metagen.read.1.tlog
C:\project\CefSharp-v1.25.8-binaries-mysql - secure - raw-http\CefSharp.WinForms\obj\Release\metagen.write.1.tlog
C:\project\CefSharp-v1.25.8-binaries-mysql - secure - raw-http\CefSharp.WinForms\obj\Release\vc110.pdb
C:\project\CefSharp-v1.25.8-binaries-mysql - secure - raw-http\CefSharp.WinForms\obj\Release\RSAENH.DLL.bi
C:\project\CefSharp-v1.25.8-binaries-mysql - secure - raw-http\CefSharp.WinForms\bin\Release\CefSharp.WinForms.dll
