C:\project\CefSharp-v1.25.8-binaries-mysql - secure - raw-http\CefSharp\bin\Release\CefSharp.lib
C:\project\CefSharp-v1.25.8-binaries-mysql - secure - raw-http\CefSharp\bin\Release\CefSharp.exp
C:\PROJECT\CEFSHARP-V1.25.8-BINARIES-MYSQL - SECURE - RAW-HTTP\CEFSHARP\OBJ\RELEASE\CEFSHARP.PCH
C:\PROJECT\CEFSHARP-V1.25.8-BINARIES-MYSQL - SECURE - RAW-HTTP\CEFSHARP\OBJ\RELEASE\STDAFX.XDC
C:\PROJECT\CEFSHARP-V1.25.8-BINARIES-MYSQL - SECURE - RAW-HTTP\CEFSHARP\OBJ\RELEASE\STDAFX.OBJ
C:\PROJECT\CEFSHARP-V1.25.8-BINARIES-MYSQL - SECURE - RAW-HTTP\CEFSHARP\OBJ\RELEASE\VC110.PDB
C:\PROJECT\CEFSHARP-V1.25.8-BINARIES-MYSQL - SECURE - RAW-HTTP\CEFSHARP\OBJ\RELEASE\ASSEMBLYINFO.XDC
C:\PROJECT\CEFSHARP-V1.25.8-BINARIES-MYSQL - SECURE - RAW-HTTP\CEFSHARP\OBJ\RELEASE\BINDINGHANDLER.XDC
C:\PROJECT\CEFSHARP-V1.25.8-BINARIES-MYSQL - SECURE - RAW-HTTP\CEFSHARP\OBJ\RELEASE\BROWSERCORE.XDC
C:\PROJECT\CEFSHARP-V1.25.8-BINARIES-MYSQL - SECURE - RAW-HTTP\CEFSHARP\OBJ\RELEASE\BROWSERSETTINGS.XDC
C:\PROJECT\CEFSHARP-V1.25.8-BINARIES-MYSQL - SECURE - RAW-HTTP\CEFSHARP\OBJ\RELEASE\CLIENTADAPTER.XDC
C:\PROJECT\CEFSHARP-V1.25.8-BINARIES-MYSQL - SECURE - RAW-HTTP\CEFSHARP\OBJ\RELEASE\COOKIEVISITOR.XDC
C:\PROJECT\CEFSHARP-V1.25.8-BINARIES-MYSQL - SECURE - RAW-HTTP\CEFSHARP\OBJ\RELEASE\DOWNLOADADAPTER.XDC
C:\PROJECT\CEFSHARP-V1.25.8-BINARIES-MYSQL - SECURE - RAW-HTTP\CEFSHARP\OBJ\RELEASE\RENDERCLIENTADAPTER.XDC
C:\PROJECT\CEFSHARP-V1.25.8-BINARIES-MYSQL - SECURE - RAW-HTTP\CEFSHARP\OBJ\RELEASE\REQUEST.XDC
C:\PROJECT\CEFSHARP-V1.25.8-BINARIES-MYSQL - SECURE - RAW-HTTP\CEFSHARP\OBJ\RELEASE\REQUESTRESPONSE.XDC
C:\PROJECT\CEFSHARP-V1.25.8-BINARIES-MYSQL - SECURE - RAW-HTTP\CEFSHARP\OBJ\RELEASE\RTZCOUNTDOWNEVENT.XDC
C:\PROJECT\CEFSHARP-V1.25.8-BINARIES-MYSQL - SECURE - RAW-HTTP\CEFSHARP\OBJ\RELEASE\SCHEMEHANDLERRESPONSE.XDC
C:\PROJECT\CEFSHARP-V1.25.8-BINARIES-MYSQL - SECURE - RAW-HTTP\CEFSHARP\OBJ\RELEASE\SCHEMEHANDLERWRAPPER.XDC
C:\PROJECT\CEFSHARP-V1.25.8-BINARIES-MYSQL - SECURE - RAW-HTTP\CEFSHARP\OBJ\RELEASE\SCRIPTCORE.XDC
C:\PROJECT\CEFSHARP-V1.25.8-BINARIES-MYSQL - SECURE - RAW-HTTP\CEFSHARP\OBJ\RELEASE\STREAMADAPTER.XDC
C:\PROJECT\CEFSHARP-V1.25.8-BINARIES-MYSQL - SECURE - RAW-HTTP\CEFSHARP\OBJ\RELEASE\STRINGUTIL.XDC
C:\PROJECT\CEFSHARP-V1.25.8-BINARIES-MYSQL - SECURE - RAW-HTTP\CEFSHARP\OBJ\RELEASE\TYPEUTIL.XDC
C:\PROJECT\CEFSHARP-V1.25.8-BINARIES-MYSQL - SECURE - RAW-HTTP\CEFSHARP\OBJ\RELEASE\TYPEUTIL.OBJ
C:\PROJECT\CEFSHARP-V1.25.8-BINARIES-MYSQL - SECURE - RAW-HTTP\CEFSHARP\OBJ\RELEASE\STRINGUTIL.OBJ
C:\PROJECT\CEFSHARP-V1.25.8-BINARIES-MYSQL - SECURE - RAW-HTTP\CEFSHARP\OBJ\RELEASE\STREAMADAPTER.OBJ
C:\PROJECT\CEFSHARP-V1.25.8-BINARIES-MYSQL - SECURE - RAW-HTTP\CEFSHARP\OBJ\RELEASE\SCRIPTCORE.OBJ
C:\PROJECT\CEFSHARP-V1.25.8-BINARIES-MYSQL - SECURE - RAW-HTTP\CEFSHARP\OBJ\RELEASE\SCHEMEHANDLERWRAPPER.OBJ
C:\PROJECT\CEFSHARP-V1.25.8-BINARIES-MYSQL - SECURE - RAW-HTTP\CEFSHARP\OBJ\RELEASE\SCHEMEHANDLERRESPONSE.OBJ
C:\PROJECT\CEFSHARP-V1.25.8-BINARIES-MYSQL - SECURE - RAW-HTTP\CEFSHARP\OBJ\RELEASE\RTZCOUNTDOWNEVENT.OBJ
C:\PROJECT\CEFSHARP-V1.25.8-BINARIES-MYSQL - SECURE - RAW-HTTP\CEFSHARP\OBJ\RELEASE\REQUESTRESPONSE.OBJ
C:\PROJECT\CEFSHARP-V1.25.8-BINARIES-MYSQL - SECURE - RAW-HTTP\CEFSHARP\OBJ\RELEASE\REQUEST.OBJ
C:\PROJECT\CEFSHARP-V1.25.8-BINARIES-MYSQL - SECURE - RAW-HTTP\CEFSHARP\OBJ\RELEASE\RENDERCLIENTADAPTER.OBJ
C:\PROJECT\CEFSHARP-V1.25.8-BINARIES-MYSQL - SECURE - RAW-HTTP\CEFSHARP\OBJ\RELEASE\DOWNLOADADAPTER.OBJ
C:\PROJECT\CEFSHARP-V1.25.8-BINARIES-MYSQL - SECURE - RAW-HTTP\CEFSHARP\OBJ\RELEASE\COOKIEVISITOR.OBJ
C:\PROJECT\CEFSHARP-V1.25.8-BINARIES-MYSQL - SECURE - RAW-HTTP\CEFSHARP\OBJ\RELEASE\CLIENTADAPTER.OBJ
C:\PROJECT\CEFSHARP-V1.25.8-BINARIES-MYSQL - SECURE - RAW-HTTP\CEFSHARP\OBJ\RELEASE\BROWSERSETTINGS.OBJ
C:\PROJECT\CEFSHARP-V1.25.8-BINARIES-MYSQL - SECURE - RAW-HTTP\CEFSHARP\OBJ\RELEASE\BROWSERCORE.OBJ
C:\PROJECT\CEFSHARP-V1.25.8-BINARIES-MYSQL - SECURE - RAW-HTTP\CEFSHARP\OBJ\RELEASE\BINDINGHANDLER.OBJ
C:\PROJECT\CEFSHARP-V1.25.8-BINARIES-MYSQL - SECURE - RAW-HTTP\CEFSHARP\OBJ\RELEASE\ASSEMBLYINFO.OBJ
C:\PROJECT\CEFSHARP-V1.25.8-BINARIES-MYSQL - SECURE - RAW-HTTP\CEFSHARP\OBJ\RELEASE\.NETFRAMEWORK,VERSION=V4.0.ASSEMBLYATTRIBUTES.XDC
C:\PROJECT\CEFSHARP-V1.25.8-BINARIES-MYSQL - SECURE - RAW-HTTP\CEFSHARP\OBJ\RELEASE\.NETFRAMEWORK,VERSION=V4.0.ASSEMBLYATTRIBUTES.OBJ
C:\PROJECT\CEFSHARP-V1.25.8-BINARIES-MYSQL - SECURE - RAW-HTTP\CEFSHARP\BIN\RELEASE\CEFSHARP.DLL
C:\PROJECT\CEFSHARP-V1.25.8-BINARIES-MYSQL - SECURE - RAW-HTTP\CEFSHARP\BIN\RELEASE\CEFSHARP.XML
C:\project\CefSharp-v1.25.8-binaries-mysql - secure - raw-http\CefSharp\obj\Release\CefSharp.vcxprojResolveAssemblyReference.cache
C:\project\CefSharp-v1.25.8-binaries-mysql - secure - raw-http\CefSharp\obj\Release\.NETFramework,Version=v4.0.AssemblyAttributes.obj
C:\project\CefSharp-v1.25.8-binaries-mysql - secure - raw-http\CefSharp\obj\Release\AssemblyInfo.obj
C:\project\CefSharp-v1.25.8-binaries-mysql - secure - raw-http\CefSharp\obj\Release\BindingHandler.obj
C:\project\CefSharp-v1.25.8-binaries-mysql - secure - raw-http\CefSharp\obj\Release\BrowserCore.obj
C:\project\CefSharp-v1.25.8-binaries-mysql - secure - raw-http\CefSharp\obj\Release\BrowserSettings.obj
C:\project\CefSharp-v1.25.8-binaries-mysql - secure - raw-http\CefSharp\obj\Release\ClientAdapter.obj
C:\project\CefSharp-v1.25.8-binaries-mysql - secure - raw-http\CefSharp\obj\Release\CookieVisitor.obj
C:\project\CefSharp-v1.25.8-binaries-mysql - secure - raw-http\CefSharp\obj\Release\DownloadAdapter.obj
C:\project\CefSharp-v1.25.8-binaries-mysql - secure - raw-http\CefSharp\obj\Release\RenderClientAdapter.obj
C:\project\CefSharp-v1.25.8-binaries-mysql - secure - raw-http\CefSharp\obj\Release\Request.obj
C:\project\CefSharp-v1.25.8-binaries-mysql - secure - raw-http\CefSharp\obj\Release\RequestResponse.obj
C:\project\CefSharp-v1.25.8-binaries-mysql - secure - raw-http\CefSharp\obj\Release\RtzCountdownEvent.obj
C:\project\CefSharp-v1.25.8-binaries-mysql - secure - raw-http\CefSharp\obj\Release\SchemeHandlerResponse.obj
C:\project\CefSharp-v1.25.8-binaries-mysql - secure - raw-http\CefSharp\obj\Release\SchemeHandlerWrapper.obj
C:\project\CefSharp-v1.25.8-binaries-mysql - secure - raw-http\CefSharp\obj\Release\ScriptCore.obj
C:\project\CefSharp-v1.25.8-binaries-mysql - secure - raw-http\CefSharp\obj\Release\Stdafx.obj
C:\project\CefSharp-v1.25.8-binaries-mysql - secure - raw-http\CefSharp\obj\Release\StreamAdapter.obj
C:\project\CefSharp-v1.25.8-binaries-mysql - secure - raw-http\CefSharp\obj\Release\StringUtil.obj
C:\project\CefSharp-v1.25.8-binaries-mysql - secure - raw-http\CefSharp\obj\Release\TypeUtil.obj
C:\project\CefSharp-v1.25.8-binaries-mysql - secure - raw-http\CefSharp\obj\Release\CefSharp.write.1.tlog
C:\project\CefSharp-v1.25.8-binaries-mysql - secure - raw-http\CefSharp\obj\Release\cl.command.1.tlog
C:\project\CefSharp-v1.25.8-binaries-mysql - secure - raw-http\CefSharp\obj\Release\CL.read.1.tlog
C:\project\CefSharp-v1.25.8-binaries-mysql - secure - raw-http\CefSharp\obj\Release\CL.write.1.tlog
C:\project\CefSharp-v1.25.8-binaries-mysql - secure - raw-http\CefSharp\obj\Release\link-cvtres.read.1.tlog
C:\project\CefSharp-v1.25.8-binaries-mysql - secure - raw-http\CefSharp\obj\Release\link-cvtres.write.1.tlog
C:\project\CefSharp-v1.25.8-binaries-mysql - secure - raw-http\CefSharp\obj\Release\link-rc.read.1.tlog
C:\project\CefSharp-v1.25.8-binaries-mysql - secure - raw-http\CefSharp\obj\Release\link-rc.write.1.tlog
C:\project\CefSharp-v1.25.8-binaries-mysql - secure - raw-http\CefSharp\obj\Release\link.command.1.tlog
C:\project\CefSharp-v1.25.8-binaries-mysql - secure - raw-http\CefSharp\obj\Release\link.read.1.tlog
C:\project\CefSharp-v1.25.8-binaries-mysql - secure - raw-http\CefSharp\obj\Release\link.write.1.tlog
C:\project\CefSharp-v1.25.8-binaries-mysql - secure - raw-http\CefSharp\obj\Release\metagen.read.1.tlog
C:\project\CefSharp-v1.25.8-binaries-mysql - secure - raw-http\CefSharp\obj\Release\metagen.write.1.tlog
C:\project\CefSharp-v1.25.8-binaries-mysql - secure - raw-http\CefSharp\obj\Release\XDCMake.command.1.tlog
C:\project\CefSharp-v1.25.8-binaries-mysql - secure - raw-http\CefSharp\obj\Release\xdcmake.read.1.tlog
C:\project\CefSharp-v1.25.8-binaries-mysql - secure - raw-http\CefSharp\obj\Release\xdcmake.write.1.tlog
C:\project\CefSharp-v1.25.8-binaries-mysql - secure - raw-http\CefSharp\obj\Release\CefSharp.pch
C:\project\CefSharp-v1.25.8-binaries-mysql - secure - raw-http\CefSharp\obj\Release\.NETFramework,Version=v4.0.AssemblyAttributes.xdc
C:\project\CefSharp-v1.25.8-binaries-mysql - secure - raw-http\CefSharp\obj\Release\AssemblyInfo.xdc
C:\project\CefSharp-v1.25.8-binaries-mysql - secure - raw-http\CefSharp\obj\Release\BindingHandler.xdc
C:\project\CefSharp-v1.25.8-binaries-mysql - secure - raw-http\CefSharp\obj\Release\BrowserCore.xdc
C:\project\CefSharp-v1.25.8-binaries-mysql - secure - raw-http\CefSharp\obj\Release\BrowserSettings.xdc
C:\project\CefSharp-v1.25.8-binaries-mysql - secure - raw-http\CefSharp\obj\Release\ClientAdapter.xdc
C:\project\CefSharp-v1.25.8-binaries-mysql - secure - raw-http\CefSharp\obj\Release\CookieVisitor.xdc
C:\project\CefSharp-v1.25.8-binaries-mysql - secure - raw-http\CefSharp\obj\Release\DownloadAdapter.xdc
C:\project\CefSharp-v1.25.8-binaries-mysql - secure - raw-http\CefSharp\obj\Release\RenderClientAdapter.xdc
C:\project\CefSharp-v1.25.8-binaries-mysql - secure - raw-http\CefSharp\obj\Release\Request.xdc
C:\project\CefSharp-v1.25.8-binaries-mysql - secure - raw-http\CefSharp\obj\Release\RequestResponse.xdc
C:\project\CefSharp-v1.25.8-binaries-mysql - secure - raw-http\CefSharp\obj\Release\RtzCountdownEvent.xdc
C:\project\CefSharp-v1.25.8-binaries-mysql - secure - raw-http\CefSharp\obj\Release\SchemeHandlerResponse.xdc
C:\project\CefSharp-v1.25.8-binaries-mysql - secure - raw-http\CefSharp\obj\Release\SchemeHandlerWrapper.xdc
C:\project\CefSharp-v1.25.8-binaries-mysql - secure - raw-http\CefSharp\obj\Release\ScriptCore.xdc
C:\project\CefSharp-v1.25.8-binaries-mysql - secure - raw-http\CefSharp\obj\Release\Stdafx.xdc
C:\project\CefSharp-v1.25.8-binaries-mysql - secure - raw-http\CefSharp\obj\Release\StreamAdapter.xdc
C:\project\CefSharp-v1.25.8-binaries-mysql - secure - raw-http\CefSharp\obj\Release\StringUtil.xdc
C:\project\CefSharp-v1.25.8-binaries-mysql - secure - raw-http\CefSharp\obj\Release\TypeUtil.xdc
C:\project\CefSharp-v1.25.8-binaries-mysql - secure - raw-http\CefSharp\obj\Release\vc110.pdb
C:\project\CefSharp-v1.25.8-binaries-mysql - secure - raw-http\CefSharp\obj\Release\MSXML6R.DLL.bi
C:\project\CefSharp-v1.25.8-binaries-mysql - secure - raw-http\CefSharp\obj\Release\RSAENH.DLL.bi
C:\project\CefSharp-v1.25.8-binaries-mysql - secure - raw-http\CefSharp\bin\Release\CefSharp.dll
